# JRE version: Java(TM) SE Runtime Environment (8.0_171-b11) (build 1.8.0_171-b11)
# Java VM: Java HotSpot(TM) 64-Bit Server VM (25.171-b11 mixed mode linux-amd64 compressed oops)
Heap:
 PSYoungGen      total 94720K, used 20096K [0x000000076ce00000, 0x0000000773700000, 0x00000007c0000000)
  eden space 84480K, 23% used [0x000000076ce00000,0x000000076e1a0218,0x0000000772080000)
  from space 10240K, 0% used [0x0000000772a80000,0x0000000772a80000,0x0000000773480000)
  to   space 10240K, 0% used [0x0000000772080000,0x0000000772080000,0x0000000772a80000)
 ParOldGen       total 180736K, used 14495K [0x00000006c6a00000, 0x00000006d1a80000, 0x000000076ce00000)
  object space 180736K, 8% used [0x00000006c6a00000,0x00000006c7827f98,0x00000006d1a80000)
 Metaspace       used 37109K, capacity 37470K, committed 37760K, reserved 1081344K
  class space    used 4822K, capacity 4925K, committed 4992K, reserved 1048576K
GC Heap History (10 events):
Event: 1,222 GC heap before
{Heap before GC invocations=2 (full 0):
 PSYoungGen      total 74752K, used 28523K [0x000000076ce00000, 0x0000000772100000, 0x00000007c0000000)
  eden space 64512K, 30% used [0x000000076ce00000,0x000000076e14f6c8,0x0000000770d00000)
  from space 10240K, 85% used [0x0000000770d00000,0x000000077158b8c8,0x0000000771700000)
  to   space 10240K, 0% used [0x0000000771700000,0x0000000771700000,0x0000000772100000)
 ParOldGen       total 171008K, used 80K [0x00000006c6a00000, 0x00000006d1100000, 0x000000076ce00000)
  object space 171008K, 0% used [0x00000006c6a00000,0x00000006c6a14010,0x00000006d1100000)
 Metaspace       used 20843K, capacity 21076K, committed 21296K, reserved 1069056K
  class space    used 2581K, capacity 2678K, committed 2688K, reserved 1048576K
Event: 1,226 GC heap after
Heap after GC invocations=2 (full 0):
 PSYoungGen      total 74752K, used 6043K [0x000000076ce00000, 0x0000000772100000, 0x00000007c0000000)
  eden space 64512K, 0% used [0x000000076ce00000,0x000000076ce00000,0x0000000770d00000)
  from space 10240K, 59% used [0x0000000771700000,0x0000000771ce6ff0,0x0000000772100000)
  to   space 10240K, 0% used [0x0000000770d00000,0x0000000770d00000,0x0000000771700000)
 ParOldGen       total 171008K, used 88K [0x00000006c6a00000, 0x00000006d1100000, 0x000000076ce00000)
  object space 171008K, 0% used [0x00000006c6a00000,0x00000006c6a16010,0x00000006d1100000)
 Metaspace       used 20843K, capacity 21076K, committed 21296K, reserved 1069056K
  class space    used 2581K, capacity 2678K, committed 2688K, reserved 1048576K
}
Event: 1,226 GC heap before
{Heap before GC invocations=3 (full 1):
 PSYoungGen      total 74752K, used 6043K [0x000000076ce00000, 0x0000000772100000, 0x00000007c0000000)
  eden space 64512K, 0% used [0x000000076ce00000,0x000000076ce00000,0x0000000770d00000)
  from space 10240K, 59% used [0x0000000771700000,0x0000000771ce6ff0,0x0000000772100000)
  to   space 10240K, 0% used [0x0000000770d00000,0x0000000770d00000,0x0000000771700000)
 ParOldGen       total 171008K, used 88K [0x00000006c6a00000, 0x00000006d1100000, 0x000000076ce00000)
  object space 171008K, 0% used [0x00000006c6a00000,0x00000006c6a16010,0x00000006d1100000)
 Metaspace       used 20843K, capacity 21076K, committed 21296K, reserved 1069056K
  class space    used 2581K, capacity 2678K, committed 2688K, reserved 1048576K
Event: 1,241 GC heap after
Heap after GC invocations=3 (full 1):
 PSYoungGen      total 74752K, used 0K [0x000000076ce00000, 0x0000000772100000, 0x00000007c0000000)
  eden space 64512K, 0% used [0x000000076ce00000,0x000000076ce00000,0x0000000770d00000)
  from space 10240K, 0% used [0x0000000771700000,0x0000000771700000,0x0000000772100000)
  to   space 10240K, 0% used [0x0000000770d00000,0x0000000770d00000,0x0000000771700000)
 ParOldGen       total 110592K, used 5889K [0x00000006c6a00000, 0x00000006cd600000, 0x000000076ce00000)
  object space 110592K, 5% used [0x00000006c6a00000,0x00000006c6fc0448,0x00000006cd600000)
 Metaspace       used 20843K, capacity 21076K, committed 21296K, reserved 1069056K
  class space    used 2581K, capacity 2678K, committed 2688K, reserved 1048576K
}
Event: 5,110 GC heap before
{Heap before GC invocations=4 (full 1):
 PSYoungGen      total 74752K, used 64512K [0x000000076ce00000, 0x0000000772100000, 0x00000007c0000000)
  eden space 64512K, 100% used [0x000000076ce00000,0x0000000770d00000,0x0000000770d00000)
  from space 10240K, 0% used [0x0000000771700000,0x0000000771700000,0x0000000772100000)
  to   space 10240K, 0% used [0x0000000770d00000,0x0000000770d00000,0x0000000771700000)
 ParOldGen       total 110592K, used 5889K [0x00000006c6a00000, 0x00000006cd600000, 0x000000076ce00000)
  object space 110592K, 5% used [0x00000006c6a00000,0x00000006c6fc0448,0x00000006cd600000)
 Metaspace       used 28625K, capacity 28970K, committed 29184K, reserved 1075200K
  class space    used 3717K, capacity 3815K, committed 3840K, reserved 1048576K
Event: 5,114 GC heap after
Heap after GC invocations=4 (full 1):
 PSYoungGen      total 74752K, used 8306K [0x000000076ce00000, 0x0000000773480000, 0x00000007c0000000)
  eden space 64512K, 0% used [0x000000076ce00000,0x000000076ce00000,0x0000000770d00000)
  from space 10240K, 81% used [0x0000000770d00000,0x000000077151cb90,0x0000000771700000)
  to   space 10240K, 0% used [0x0000000772a80000,0x0000000772a80000,0x0000000773480000)
 ParOldGen       total 110592K, used 5897K [0x00000006c6a00000, 0x00000006cd600000, 0x000000076ce00000)
  object space 110592K, 5% used [0x00000006c6a00000,0x00000006c6fc2448,0x00000006cd600000)
 Metaspace       used 28625K, capacity 28970K, committed 29184K, reserved 1075200K
  class space    used 3717K, capacity 3815K, committed 3840K, reserved 1048576K
}
Event: 5,774 GC heap before
{Heap before GC invocations=5 (full 1):
 PSYoungGen      total 74752K, used 64604K [0x000000076ce00000, 0x0000000773480000, 0x00000007c0000000)
  eden space 64512K, 87% used [0x000000076ce00000,0x00000007704fa700,0x0000000770d00000)
  from space 10240K, 81% used [0x0000000770d00000,0x000000077151cb90,0x0000000771700000)
  to   space 10240K, 0% used [0x0000000772a80000,0x0000000772a80000,0x0000000773480000)
 ParOldGen       total 110592K, used 5897K [0x00000006c6a00000, 0x00000006cd600000, 0x000000076ce00000)
  object space 110592K, 5% used [0x00000006c6a00000,0x00000006c6fc2448,0x00000006cd600000)
 Metaspace       used 34826K, capacity 35162K, committed 35456K, reserved 1079296K
  class space    used 4537K, capacity 4655K, committed 4736K, reserved 1048576K
Event: 5,780 GC heap after
Heap after GC invocations=5 (full 1):
 PSYoungGen      total 94720K, used 10223K [0x000000076ce00000, 0x0000000773700000, 0x00000007c0000000)
  eden space 84480K, 0% used [0x000000076ce00000,0x000000076ce00000,0x0000000772080000)
  from space 10240K, 99% used [0x0000000772a80000,0x000000077347bcd8,0x0000000773480000)
  to   space 10240K, 0% used [0x0000000772080000,0x0000000772080000,0x0000000772a80000)
 ParOldGen       total 110592K, used 6503K [0x00000006c6a00000, 0x00000006cd600000, 0x000000076ce00000)
  object space 110592K, 5% used [0x00000006c6a00000,0x00000006c7059c90,0x00000006cd600000)
 Metaspace       used 34826K, capacity 35162K, committed 35456K, reserved 1079296K
  class space    used 4537K, capacity 4655K, committed 4736K, reserved 1048576K
}
Event: 5,780 GC heap before
{Heap before GC invocations=6 (full 2):
 PSYoungGen      total 94720K, used 10223K [0x000000076ce00000, 0x0000000773700000, 0x00000007c0000000)
  eden space 84480K, 0% used [0x000000076ce00000,0x000000076ce00000,0x0000000772080000)
  from space 10240K, 99% used [0x0000000772a80000,0x000000077347bcd8,0x0000000773480000)
  to   space 10240K, 0% used [0x0000000772080000,0x0000000772080000,0x0000000772a80000)
 ParOldGen       total 110592K, used 6503K [0x00000006c6a00000, 0x00000006cd600000, 0x000000076ce00000)
  object space 110592K, 5% used [0x00000006c6a00000,0x00000006c7059c90,0x00000006cd600000)
 Metaspace       used 34826K, capacity 35162K, committed 35456K, reserved 1079296K
  class space    used 4537K, capacity 4655K, committed 4736K, reserved 1048576K
Event: 5,805 GC heap after
Heap after GC invocations=6 (full 2):
 PSYoungGen      total 94720K, used 0K [0x000000076ce00000, 0x0000000773700000, 0x00000007c0000000)
  eden space 84480K, 0% used [0x000000076ce00000,0x000000076ce00000,0x0000000772080000)
  from space 10240K, 0% used [0x0000000772a80000,0x0000000772a80000,0x0000000773480000)
  to   space 10240K, 0% used [0x0000000772080000,0x0000000772080000,0x0000000772a80000)
 ParOldGen       total 180736K, used 14495K [0x00000006c6a00000, 0x00000006d1a80000, 0x000000076ce00000)
  object space 180736K, 8% used [0x00000006c6a00000,0x00000006c7827f98,0x00000006d1a80000)
 Metaspace       used 34826K, capacity 35162K, committed 35456K, reserved 1079296K
  class space    used 4537K, capacity 4655K, committed 4736K, reserved 1048576K
}

